#
# A fatal error has been detected by the Java Runtime Environment:
#
#  SIGBUS (0x7) at pc=0x00007f5a6f6e8941, pid=7686, tid=0x00007f5aa4837700
#
# JRE version: Java(TM) SE Runtime Environment (8.0_144-b01) (build 1.8.0_144-b01)
# Java VM: Java HotSpot(TM) 64-Bit Server VM (25.144-b01 mixed mode linux-amd64 compressed oops)
# Problematic frame:
# C  [i965_dri.so+0x3fd941]
#
# Failed to write core dump. Core dumps have been disabled. To enable core dumping, try "ulimit -c unlimited" before starting Java again
#
# If you would like to submit a bug report, please visit:
#   http://bugreport.java.com/bugreport/crash.jsp
# The crash happened outside the Java Virtual Machine in native code.
# See problematic frame for where to report the bug.
#

---------------  T H R E A D  ---------------

Current thread (0x00007f5ac41d5800):  JavaThread "QuantumRenderer-0" daemon [_thread_in_native, id=7706, stack(0x00007f5aa4737000,0x00007f5aa4838000)]

siginfo: si_signo: 7 (SIGBUS), si_code: 2 (BUS_ADRERR), si_addr: 0x00007f5a2d820000

Registers:
RAX=0x00000000ecff87d8, RBX=0x00007f5a2d820000, RCX=0x0000000000000200, RDX=0x0000000000000000
RSP=0x00007f5aa4834f90, RBP=0x0000000000000000, RSI=0x0000000000000000, RDI=0x00000000ecff8848
R8 =0x0000000000000000, R9 =0x0000000000000020, R10=0x00000000ecff87c8, R11=0x0000000000000a00
R12=0x00000000ecff87c8, R13=0x0000000000000000, R14=0x0000000000014000, R15=0xfffffffffffffff0
RIP=0x00007f5a6f6e8941, EFLAGS=0x0000000000010202, CSGSFS=0x002b000000000033, ERR=0x0000000000000006
  TRAPNO=0x000000000000000e

Top of Stack: (sp=0x00007f5aa4834f90)
0x00007f5aa4834f90:   0000000000280000 0000000000000000
0x00007f5aa4834fa0:   0000000000000000 0000000000000000
0x00007f5aa4834fb0:   0000000000000000 0000007c00000077
0x00007f5aa4834fc0:   0000000000000a00 00007f5a6f0cf463
0x00007f5aa4834fd0:   00000002000000bf 0000000000000a00
0x00007f5aa4834fe0:   0000000000000680 0000000000000020
0x00007f5aa4834ff0:   0000000000000000 0000000000014000
0x00007f5aa4835000:   fffffffffffffff0 00007f5a6f6ea1c2
0x00007f5aa4835010:   00007f5a2d820000 00000000ecff87c8
0x00007f5aa4835020:   0000000000000a00 0000000000000000
0x00007f5aa4835030:   00007f5a6f6e8840 0000000000000000
0x00007f5aa4835040:   00000001000000bf 0000000000000020
0x00007f5aa4835050:   0000000000014000 0000000000000a00
0x00007f5aa4835060:   00007f5a6f6e8880 0000000000000080
0x00007f5aa4835070:   000000000000000f 00007f5a2d800000
0x00007f5aa4835080:   00000000ecfe41c8 0000002000000040
0x00007f5aa4835090:   0000026000000000 0000025900000000
0x00007f5aa48350a0:   000000004d430002 00007f5a75e47a90
0x00007f5aa48350b0:   0000000000000001 00007f5a742f97d0
0x00007f5aa48350c0:   00007f5a75e47610 00000000ecfe41c8
0x00007f5aa48350d0:   0000000000000a00 00007f5a6f6e8190
0x00007f5aa48350e0:   0000000000000a00 0000000000000a00
0x00007f5aa48350f0:   0000000000000000 0000000000000002
0x00007f5aa4835100:   00007f5a6f6e8840 00007f5a6f6e8054
0x00007f5aa4835110:   00007f5a75e47a90 00007f5a6fc00558
0x00007f5aa4835120:   00000a0000000060 0000000000000000
0x00007f5aa4835130:   0000000000000000 0000000400000000
0x00007f5aa4835140:   00007f5a6f6e8840 9ee7769ffdcad000
0x00007f5aa4835150:   00007f5a742de560 00007f5a75e47610
0x00007f5aa4835160:   00000000000080e1 0000000000008367
0x00007f5aa4835170:   0000000000000280 0000000000000259
0x00007f5aa4835180:   00007f5a742f97d0 00007f5a6f6e832b 

Instructions: (pc=0x00007f5a6f6e8941)
0x00007f5a6f6e8921:   02 00 00 66 0f df c8 31 d6 66 0f db c2 31 ea 48
0x00007f5a6f6e8931:   39 c7 f2 0f 70 c9 b1 f3 0f 70 c9 b1 66 0f eb c1
0x00007f5a6f6e8941:   0f 29 04 33 75 c9 41 83 c0 10 4d 01 da 41 81 f8
0x00007f5a6f6e8951:   00 02 00 00 75 a0 48 83 c4 48 5b 5d 41 5c 41 5d 

Register to memory mapping:

RAX=0x00000000ecff87d8 is an oop
